/srv/beegfs/scratch/shares/cdff/DPM/Processing/STACK_phase_only_rma
There are 21321 files
1/21321
1001/21321
2001/21321
3001/21321
4001/21321
5001/21321
6001/21321
7001/21321
8001/21321
9001/21321
10001/21321
11001/21321
12001/21321
13001/21321
14001/21321
15001/21321
16001/21321
17001/21321
18001/21321
19001/21321
20001/21321
21001/21321
Time elapsed to read data: 2023
Time to read component EE: 2023.7603883743286 s
1/21321
1001/21321
2001/21321
3001/21321
4001/21321
5001/21321
6001/21321
7001/21321
8001/21321
9001/21321
10001/21321
11001/21321
12001/21321
13001/21321
14001/21321
15001/21321
16001/21321
17001/21321
18001/21321
19001/21321
20001/21321
21001/21321
Time elapsed to read data: 609
Time to read component EN: 609.0095038414001 s
1/21321
1001/21321
2001/21321
3001/21321
4001/21321
5001/21321
6001/21321
7001/21321
8001/21321
9001/21321
10001/21321
11001/21321
12001/21321
13001/21321
14001/21321
15001/21321
16001/21321
17001/21321
18001/21321
19001/21321
20001/21321
21001/21321
Time elapsed to read data: 232
Time to read component EZ: 232.5236587524414 s
1/21321
1001/21321
2001/21321
3001/21321
4001/21321
5001/21321
6001/21321
7001/21321
8001/21321
9001/21321
10001/21321
11001/21321
12001/21321
13001/21321
14001/21321
15001/21321
16001/21321
17001/21321
18001/21321
19001/21321
20001/21321
21001/21321
Time elapsed to read data: 694
Time to read component NE: 694.562215089798 s
1/21321
1001/21321
2001/21321
3001/21321
4001/21321
5001/21321
6001/21321
7001/21321
8001/21321
9001/21321
10001/21321
11001/21321
12001/21321
13001/21321
14001/21321
15001/21321
16001/21321
17001/21321
18001/21321
19001/21321
20001/21321
21001/21321
Time elapsed to read data: 301
Time to read component NN: 300.74901962280273 s
1/21321
1001/21321
2001/21321
3001/21321
4001/21321
5001/21321
6001/21321
7001/21321
8001/21321
9001/21321
10001/21321
11001/21321
12001/21321
13001/21321
14001/21321
15001/21321
16001/21321
17001/21321
18001/21321
19001/21321
20001/21321
21001/21321
Time elapsed to read data: 228
Time to read component NZ: 228.49489951133728 s
1/21321
1001/21321
2001/21321
3001/21321
4001/21321
5001/21321
6001/21321
7001/21321
8001/21321
9001/21321
10001/21321
11001/21321
12001/21321
13001/21321
14001/21321
15001/21321
16001/21321
17001/21321
18001/21321
19001/21321
20001/21321
21001/21321
Time elapsed to read data: 223
Time to read component ZE: 223.63839197158813 s
1/21321
1001/21321
2001/21321
3001/21321
4001/21321
5001/21321
6001/21321
7001/21321
8001/21321
9001/21321
10001/21321
11001/21321
12001/21321
13001/21321
14001/21321
15001/21321
16001/21321
17001/21321
18001/21321
19001/21321
20001/21321
21001/21321
Time elapsed to read data: 1004
Time to read component ZN: 1004.5266509056091 s
1/21321
1001/21321
2001/21321
3001/21321
4001/21321
5001/21321
6001/21321
7001/21321
8001/21321
9001/21321
10001/21321
11001/21321
12001/21321
13001/21321
14001/21321
15001/21321
16001/21321
17001/21321
18001/21321
19001/21321
20001/21321
21001/21321
Time elapsed to read data: 228
Time to read component ZZ: 228.02293920516968 s
Time to read all stacks for all components: 5545.295517206192 s
{'r': array([0.13125835, 0.15639752, 0.1749707 , ..., 7.73828745, 7.76469564,
       7.78391171]), 'ncts': array([[-6.04418915e-08,  5.16973955e-07,  6.80343021e-07, ...,
        -5.11427842e-08,  3.80457891e-07, -5.16615160e-08],
       [ 5.85479327e-08,  7.46600790e-08, -3.46909772e-08, ...,
         7.91491956e-08,  1.10588445e-08, -7.68891284e-10],
       [ 1.65443459e-09,  3.68808761e-09,  1.08075611e-07, ...,
        -2.69177008e-07,  5.00930106e-08, -1.28105686e-08],
       ...,
       [-4.60270239e-10,  7.84716647e-09, -8.28246925e-07, ...,
         1.35549286e-07,  2.34728539e-08,  2.45469369e-08],
       [-2.89921530e-07, -6.35530853e-07,  3.07210797e-07, ...,
        -1.50131108e-08, -2.76049095e-09, -1.50839313e-07],
       [ 1.94632310e-08,  5.52755424e-08, -1.97250723e-11, ...,
        -1.30770594e-09, -1.84411988e-07,  6.03136918e-09]], dtype=float32), 't': array([-120.  , -119.96, -119.92, ...,  119.92,  119.96,  120.  ]), 'numgood': array([29333., 28721., 33042., ..., 25398., 25445., 25333.]), 'azimuth': array([106.70407867, 110.35583496, 110.51012421, ...,  91.66669464,
        93.50034332,  95.41436768]), 'backazimuth': array([286.70507812, 290.35699463, 290.51141357, ..., 271.72796631,
       273.56170654, 275.47573853]), 'station_source': chararray([b'SS.17877', b'SS.15576', b'SS.10386', ..., b'SS.10505',
           b'SS.10406', b'SS.10495'], dtype='|S17'), 'station_receiver': chararray([b'SS.10368', b'SS.14537', b'SS.08936', ..., b'SS.18462',
           b'SS.18462', b'SS.18462'], dtype='|S17'), 'dt': 0.04, 'maxlag': 120}
{'r': array([0.13125835, 0.15639752, 0.1749707 , ..., 7.73828745, 7.76469564,
       7.78391171]), 'ncts': array([[ 2.3807823e-08, -3.0644091e-07,  1.8512259e-07, ...,
         2.3285846e-08,  9.0806418e-10,  1.6257458e-08],
       [ 3.2170879e-09,  4.2098075e-10,  4.6050577e-09, ...,
         5.1627120e-07, -1.4260393e-09,  4.4320949e-08],
       [-1.0250472e-08,  5.7994352e-09,  2.7556697e-09, ...,
        -1.9864895e-07, -1.8377760e-07, -8.3016467e-08],
       ...,
       [ 6.0730045e-08,  6.2686944e-08, -1.4203144e-09, ...,
         1.3990431e-06, -3.5107565e-08,  3.9050850e-08],
       [-8.4996454e-10,  1.8139724e-09,  5.6866495e-10, ...,
        -3.7378318e-09,  1.7783149e-08,  1.2005301e-08],
       [-2.2787800e-07, -1.4704563e-07,  8.7307889e-08, ...,
         2.7772472e-07, -1.4301619e-07, -3.8948923e-07]], dtype=float32), 't': array([-120.  , -119.96, -119.92, ...,  119.92,  119.96,  120.  ]), 'numgood': array([29429., 29356., 33128., ..., 25550., 25643., 25548.]), 'azimuth': array([106.70407867, 110.35583496, 110.51012421, ...,  91.66669464,
        93.50034332,  95.41436768]), 'backazimuth': array([286.70507812, 290.35699463, 290.51141357, ..., 271.72796631,
       273.56170654, 275.47573853]), 'station_source': chararray([b'SS.17877', b'SS.15576', b'SS.10386', ..., b'SS.10505',
           b'SS.10406', b'SS.10495'], dtype='|S17'), 'station_receiver': chararray([b'SS.10368', b'SS.14537', b'SS.08936', ..., b'SS.18462',
           b'SS.18462', b'SS.18462'], dtype='|S17'), 'dt': 0.04, 'maxlag': 120}
{'r': array([0.13125835, 0.15639752, 0.1749707 , ..., 7.73828745, 7.76469564,
       7.78391171]), 'ncts': array([[-1.54416523e-06, -2.78235262e-07,  2.57408772e-07, ...,
        -2.72570055e-09, -1.00666653e-09,  5.97395342e-08],
       [-3.38287407e-08,  1.93306704e-08,  1.27077859e-09, ...,
        -7.13697901e-08, -3.04709715e-07,  4.63880987e-08],
       [ 1.09928875e-08,  1.77089134e-07, -8.81859648e-07, ...,
        -4.90724839e-09, -9.98948479e-09, -5.22158814e-07],
       ...,
       [ 1.33441176e-07,  1.45025311e-07,  6.80288323e-08, ...,
         1.25734401e-09, -5.42982015e-09,  1.72503700e-08],
       [ 2.51559044e-07,  1.40031444e-08, -2.12839097e-08, ...,
        -2.94893052e-08,  2.30500525e-08,  8.50000159e-09],
       [ 9.84341408e-09,  1.22868338e-08, -9.30450952e-08, ...,
         3.02801510e-07,  1.66707522e-07, -4.26213234e-08]], dtype=float32), 't': array([-120.  , -119.96, -119.92, ...,  119.92,  119.96,  120.  ]), 'numgood': array([28589., 28782., 33410., ..., 26038., 26059., 25954.]), 'azimuth': array([106.70407867, 110.35583496, 110.51012421, ...,  91.66669464,
        93.50034332,  95.41436768]), 'backazimuth': array([286.70507812, 290.35699463, 290.51141357, ..., 271.72796631,
       273.56170654, 275.47573853]), 'station_source': chararray([b'SS.17877', b'SS.15576', b'SS.10386', ..., b'SS.10505',
           b'SS.10406', b'SS.10495'], dtype='|S17'), 'station_receiver': chararray([b'SS.10368', b'SS.14537', b'SS.08936', ..., b'SS.18462',
           b'SS.18462', b'SS.18462'], dtype='|S17'), 'dt': 0.04, 'maxlag': 120}
{'r': array([0.13125835, 0.15639752, 0.1749707 , ..., 7.73828745, 7.76469564,
       7.78391171]), 'ncts': array([[-1.73930104e-07, -1.00388871e-08, -6.88615387e-08, ...,
        -5.61148795e-07,  1.07740785e-08,  2.00737360e-09],
       [ 8.17800640e-07,  1.22693493e-07, -7.56165441e-09, ...,
        -5.67717322e-08, -1.46807821e-07, -1.16687580e-07],
       [-9.91310145e-09,  2.59204597e-07, -6.46705800e-08, ...,
         3.52240050e-08, -5.04825302e-08, -4.88295271e-08],
       ...,
       [ 3.33154091e-08, -1.62622857e-08,  2.74674825e-08, ...,
         1.52252220e-08,  3.99214990e-08,  6.60138999e-10],
       [ 3.11516629e-07, -5.60254065e-08, -1.83037585e-07, ...,
         1.21930512e-07, -1.60253393e-07, -2.60274629e-08],
       [ 4.39952643e-08, -1.65428844e-08, -1.55771096e-09, ...,
        -1.77500337e-09,  7.42982609e-09, -1.89123011e-08]], dtype=float32), 't': array([-120.  , -119.96, -119.92, ...,  119.92,  119.96,  120.  ]), 'numgood': array([29462., 29826., 33036., ..., 24572., 25663., 25291.]), 'azimuth': array([106.70407867, 110.35583496, 110.51012421, ...,  91.66669464,
        93.50034332,  95.41436768]), 'backazimuth': array([286.70507812, 290.35699463, 290.51141357, ..., 271.72796631,
       273.56170654, 275.47573853]), 'station_source': chararray([b'SS.17877', b'SS.15576', b'SS.10386', ..., b'SS.10505',
           b'SS.10406', b'SS.10495'], dtype='|S17'), 'station_receiver': chararray([b'SS.10368', b'SS.14537', b'SS.08936', ..., b'SS.18462',
           b'SS.18462', b'SS.18462'], dtype='|S17'), 'dt': 0.04, 'maxlag': 120}
{'r': array([0.13125835, 0.15639752, 0.1749707 , ..., 7.73828745, 7.76469564,
       7.78391171]), 'ncts': array([[ 2.23212417e-08, -1.63552613e-07,  8.57624283e-09, ...,
         6.18687537e-08,  4.06252337e-10, -1.81123010e-08],
       [-4.34627481e-08, -1.21417765e-08,  3.41631221e-08, ...,
         1.63105398e-07,  3.58851402e-08, -1.52000956e-09],
       [ 1.21231125e-07,  1.47505989e-06, -2.26370869e-08, ...,
         1.50266750e-08,  1.79901622e-08, -8.32124329e-07],
       ...,
       [ 5.62433868e-08,  2.29097239e-07,  7.40223456e-08, ...,
         1.98835099e-08,  7.67095187e-08, -2.42887040e-07],
       [ 2.34031283e-08,  1.71800025e-07, -9.53188419e-07, ...,
        -1.75264361e-07,  1.16625820e-07,  2.66882760e-09],
       [-4.27670813e-07, -5.06983156e-07,  9.25144263e-08, ...,
        -1.22505298e-07, -1.25306707e-08,  4.19808588e-09]], dtype=float32), 't': array([-120.  , -119.96, -119.92, ...,  119.92,  119.96,  120.  ]), 'numgood': array([29511., 30847., 33221., ..., 24769., 25884., 25523.]), 'azimuth': array([106.70407867, 110.35583496, 110.51012421, ...,  91.66669464,
        93.50034332,  95.41436768]), 'backazimuth': array([286.70507812, 290.35699463, 290.51141357, ..., 271.72796631,
       273.56170654, 275.47573853]), 'station_source': chararray([b'SS.17877', b'SS.15576', b'SS.10386', ..., b'SS.10505',
           b'SS.10406', b'SS.10495'], dtype='|S17'), 'station_receiver': chararray([b'SS.10368', b'SS.14537', b'SS.08936', ..., b'SS.18462',
           b'SS.18462', b'SS.18462'], dtype='|S17'), 'dt': 0.04, 'maxlag': 120}
{'r': array([0.13125835, 0.15639752, 0.1749707 , ..., 7.73828745, 7.76469564,
       7.78391171]), 'ncts': array([[-4.79299223e-09, -2.41706610e-09,  8.79841888e-09, ...,
        -3.56961920e-07, -5.46419514e-08,  1.99011763e-09],
       [-2.35304000e-07,  2.21915752e-09, -5.80955088e-08, ...,
        -7.66287229e-08,  9.25297513e-07,  9.17368794e-08],
       [-1.47618611e-08, -2.38271158e-09, -2.40687315e-09, ...,
         3.73237441e-07,  5.53652342e-07,  6.67835287e-10],
       ...,
       [-2.50032798e-07, -1.22460889e-07, -7.85043653e-07, ...,
        -6.18831777e-08, -2.14329110e-09,  1.16228996e-07],
       [-1.42479934e-07,  1.33900727e-07,  1.11126980e-07, ...,
         4.70970093e-07,  6.03616783e-08, -2.29990704e-07],
       [ 1.26563393e-07,  2.67756093e-08, -3.23013422e-10, ...,
         8.38538341e-08,  1.39456127e-10,  1.59225280e-07]], dtype=float32), 't': array([-120.  , -119.96, -119.92, ...,  119.92,  119.96,  120.  ]), 'numgood': array([28666., 29993., 33218., ..., 25236., 26320., 25955.]), 'azimuth': array([106.70407867, 110.35583496, 110.51012421, ...,  91.66669464,
        93.50034332,  95.41436768]), 'backazimuth': array([286.70507812, 290.35699463, 290.51141357, ..., 271.72796631,
       273.56170654, 275.47573853]), 'station_source': chararray([b'SS.17877', b'SS.15576', b'SS.10386', ..., b'SS.10505',
           b'SS.10406', b'SS.10495'], dtype='|S17'), 'station_receiver': chararray([b'SS.10368', b'SS.14537', b'SS.08936', ..., b'SS.18462',
           b'SS.18462', b'SS.18462'], dtype='|S17'), 'dt': 0.04, 'maxlag': 120}
{'r': array([0.13125835, 0.15639752, 0.1749707 , ..., 7.73828745, 7.76469564,
       7.78391171]), 'ncts': array([[-2.12838671e-07,  5.01693052e-08,  7.14344695e-10, ...,
         2.21131362e-08, -1.25979639e-07, -1.11298554e-07],
       [ 1.66607457e-08, -4.66829964e-10, -1.36657405e-07, ...,
        -1.91778128e-07, -3.30820058e-07,  4.44671144e-08],
       [-3.42863785e-07, -1.49180858e-06,  1.85607689e-08, ...,
        -7.53204461e-07,  1.18825739e-07,  3.24641327e-08],
       ...,
       [-7.70174111e-08, -5.52630333e-08,  3.10516754e-07, ...,
         1.32120723e-08, -2.00880717e-08, -1.08751500e-07],
       [ 6.83054191e-09,  3.65558073e-08, -4.43842829e-08, ...,
        -2.95476550e-08, -2.87196418e-08,  7.85601969e-07],
       [ 5.18507415e-09,  3.01601655e-09, -6.62569946e-08, ...,
        -4.60950190e-07, -1.39836027e-08,  1.71028667e-08]], dtype=float32), 't': array([-120.  , -119.96, -119.92, ...,  119.92,  119.96,  120.  ]), 'numgood': array([29676., 29167., 32646., ..., 24926., 26146., 25778.]), 'azimuth': array([106.70407867, 110.35583496, 110.51012421, ...,  91.66669464,
        93.50034332,  95.41436768]), 'backazimuth': array([286.70507812, 290.35699463, 290.51141357, ..., 271.72796631,
       273.56170654, 275.47573853]), 'station_source': chararray([b'SS.17877', b'SS.15576', b'SS.10386', ..., b'SS.10505',
           b'SS.10406', b'SS.10495'], dtype='|S17'), 'station_receiver': chararray([b'SS.10368', b'SS.14537', b'SS.08936', ..., b'SS.18462',
           b'SS.18462', b'SS.18462'], dtype='|S17'), 'dt': 0.04, 'maxlag': 120}
{'r': array([0.13125835, 0.15639752, 0.1749707 , ..., 7.73828745, 7.76469564,
       7.78391171]), 'ncts': array([[-7.27201041e-07, -1.46617879e-06, -3.11173238e-07, ...,
         7.28918592e-10, -3.08878363e-08,  4.12342473e-07],
       [ 6.00232468e-08,  3.76377862e-08,  7.62989529e-08, ...,
         1.75375847e-09, -1.85567846e-08, -2.61195048e-08],
       [ 1.47817858e-07, -8.45752837e-08,  1.27540062e-07, ...,
        -7.07900512e-08, -6.98905964e-08,  7.26565546e-08],
       ...,
       [-2.78752339e-07, -6.13714661e-08, -2.65453011e-08, ...,
        -5.11564728e-08, -1.09623269e-10, -1.55827865e-10],
       [ 3.81375393e-08, -5.42775922e-07,  4.69081485e-08, ...,
        -1.85169469e-09,  3.42597900e-07, -1.01149125e-08],
       [-4.97765029e-07,  9.93245166e-08,  6.03960359e-07, ...,
         1.00564364e-07,  1.71135397e-07, -1.25661629e-07]], dtype=float32), 't': array([-120.  , -119.96, -119.92, ...,  119.92,  119.96,  120.  ]), 'numgood': array([29830., 30013., 32659., ..., 25097., 26376., 26017.]), 'azimuth': array([106.70407867, 110.35583496, 110.51012421, ...,  91.66669464,
        93.50034332,  95.41436768]), 'backazimuth': array([286.70507812, 290.35699463, 290.51141357, ..., 271.72796631,
       273.56170654, 275.47573853]), 'station_source': chararray([b'SS.17877', b'SS.15576', b'SS.10386', ..., b'SS.10505',
           b'SS.10406', b'SS.10495'], dtype='|S17'), 'station_receiver': chararray([b'SS.10368', b'SS.14537', b'SS.08936', ..., b'SS.18462',
           b'SS.18462', b'SS.18462'], dtype='|S17'), 'dt': 0.04, 'maxlag': 120}
{'r': array([0.13125835, 0.15639752, 0.1749707 , ..., 7.73828745, 7.76469564,
       7.78391171]), 'ncts': array([[ 1.7299809e-07,  6.5769296e-07, -4.0200288e-08, ...,
         5.0533924e-08,  1.0712500e-09, -1.9048148e-08],
       [ 1.0567264e-06,  5.8275980e-09, -4.5808775e-09, ...,
        -6.2854522e-09,  4.3847637e-09, -7.3628762e-08],
       [ 3.9919843e-08,  9.0960448e-09, -6.5205477e-08, ...,
         3.0414932e-07,  3.2112973e-07,  5.5948391e-07],
       ...,
       [ 4.4125795e-07,  2.1030696e-07, -1.2905504e-08, ...,
        -5.2299512e-08,  3.9583108e-07,  2.0779200e-07],
       [ 2.5785832e-08,  1.1530095e-08,  4.1525681e-07, ...,
        -3.4666166e-07, -5.8777323e-07,  5.3648051e-07],
       [ 2.8181915e-07, -1.6992147e-06, -3.0830037e-07, ...,
         2.2377711e-07, -1.1026261e-07, -3.0831629e-07]], dtype=float32), 't': array([-120.  , -119.96, -119.92, ...,  119.92,  119.96,  120.  ]), 'numgood': array([28891., 29303., 33268., ..., 25572., 26813., 26453.]), 'azimuth': array([106.70407867, 110.35583496, 110.51012421, ...,  91.66669464,
        93.50034332,  95.41436768]), 'backazimuth': array([286.70507812, 290.35699463, 290.51141357, ..., 271.72796631,
       273.56170654, 275.47573853]), 'station_source': chararray([b'SS.17877', b'SS.15576', b'SS.10386', ..., b'SS.10505',
           b'SS.10406', b'SS.10495'], dtype='|S17'), 'station_receiver': chararray([b'SS.10368', b'SS.14537', b'SS.08936', ..., b'SS.18462',
           b'SS.18462', b'SS.18462'], dtype='|S17'), 'dt': 0.04, 'maxlag': 120}
Number of pairs with 9-component data: 21321
(ZR+RZ)/2
(ZR-RZ)/2
ZZ
TT
Figure saved to /srv/beegfs/scratch/shares/cdff/DPM/Postprocessing/FK_takagi/ncfs_phase_only_rma_pws_ZR-RZtime.jpg
Figure saved to /srv/beegfs/scratch/shares/cdff/DPM/Postprocessing/FK_takagi/ncfs_phase_only_rma_pws_ZR-RZfk.jpg
