/srv/beegfs/scratch/shares/cdff/DPM/Processing/STACK_phase_only_rma
There are 21321 files
1/21321
1001/21321
2001/21321
3001/21321
4001/21321
5001/21321
6001/21321
7001/21321
8001/21321
9001/21321
10001/21321
11001/21321
12001/21321
13001/21321
14001/21321
15001/21321
16001/21321
17001/21321
18001/21321
19001/21321
20001/21321
21001/21321
Time elapsed to read data: 8165
Time to read component EE: 8165.089326143265 s
1/21321
1001/21321
2001/21321
3001/21321
4001/21321
5001/21321
6001/21321
7001/21321
8001/21321
9001/21321
10001/21321
11001/21321
12001/21321
13001/21321
14001/21321
15001/21321
16001/21321
17001/21321
18001/21321
19001/21321
20001/21321
21001/21321
Time elapsed to read data: 3069
Time to read component EN: 3069.930826187134 s
1/21321
1001/21321
2001/21321
3001/21321
4001/21321
5001/21321
6001/21321
7001/21321
8001/21321
9001/21321
10001/21321
11001/21321
12001/21321
13001/21321
14001/21321
15001/21321
16001/21321
17001/21321
18001/21321
19001/21321
20001/21321
21001/21321
Time elapsed to read data: 2219
Time to read component EZ: 2219.8483419418335 s
1/21321
1001/21321
2001/21321
3001/21321
4001/21321
5001/21321
6001/21321
7001/21321
8001/21321
9001/21321
10001/21321
11001/21321
12001/21321
13001/21321
14001/21321
15001/21321
16001/21321
17001/21321
18001/21321
19001/21321
20001/21321
21001/21321
Time elapsed to read data: 2318
Time to read component NE: 2318.4885046482086 s
1/21321
1001/21321
2001/21321
3001/21321
4001/21321
5001/21321
6001/21321
7001/21321
8001/21321
9001/21321
10001/21321
11001/21321
12001/21321
13001/21321
14001/21321
15001/21321
16001/21321
17001/21321
18001/21321
19001/21321
20001/21321
21001/21321
Time elapsed to read data: 2639
Time to read component NN: 2639.878378868103 s
1/21321
1001/21321
2001/21321
3001/21321
4001/21321
5001/21321
6001/21321
7001/21321
8001/21321
9001/21321
10001/21321
11001/21321
12001/21321
13001/21321
14001/21321
15001/21321
16001/21321
17001/21321
18001/21321
19001/21321
20001/21321
21001/21321
Time elapsed to read data: 3451
Time to read component NZ: 3451.708071231842 s
1/21321
1001/21321
2001/21321
3001/21321
4001/21321
5001/21321
6001/21321
7001/21321
8001/21321
9001/21321
10001/21321
11001/21321
12001/21321
13001/21321
14001/21321
15001/21321
16001/21321
17001/21321
18001/21321
19001/21321
20001/21321
21001/21321
Time elapsed to read data: 2812
Time to read component ZE: 2812.7327222824097 s
1/21321
1001/21321
2001/21321
3001/21321
4001/21321
5001/21321
6001/21321
7001/21321
8001/21321
9001/21321
10001/21321
11001/21321
12001/21321
13001/21321
14001/21321
15001/21321
16001/21321
17001/21321
18001/21321
19001/21321
20001/21321
21001/21321
Time elapsed to read data: 2576
Time to read component ZN: 2576.8900759220123 s
1/21321
1001/21321
2001/21321
3001/21321
4001/21321
5001/21321
6001/21321
7001/21321
8001/21321
9001/21321
10001/21321
11001/21321
12001/21321
13001/21321
14001/21321
15001/21321
16001/21321
17001/21321
18001/21321
19001/21321
20001/21321
21001/21321
Time elapsed to read data: 1707
Time to read component ZZ: 1707.9210090637207 s
Time to read all stacks for all components: 28962.49356675148 s
{'r': array([0.13125835, 0.15639752, 0.1749707 , ..., 7.73828745, 7.76469564,
       7.78391171]), 'ncts': array([[-5.73717152e-05,  1.15932344e-04,  9.79277684e-05, ...,
        -5.87448521e-05,  1.91968327e-04, -1.40834527e-05],
       [ 4.06898289e-05,  1.11027242e-04, -7.18269512e-05, ...,
         6.24845634e-05,  1.45225767e-05, -8.35569438e-07],
       [ 9.19285740e-05,  2.08320143e-05,  1.56691298e-04, ...,
        -1.27104402e-04,  3.32359668e-05, -8.12790458e-05],
       ...,
       [-1.00089310e-05,  6.08892224e-05, -2.63006950e-04, ...,
         7.39690004e-05,  5.77806422e-05,  1.18768359e-04],
       [-1.10093169e-04, -1.39108626e-04,  1.72789762e-04, ...,
        -1.14909904e-04, -4.16602743e-05, -1.56282127e-04],
       [ 3.44294785e-05,  1.26716724e-04, -7.13521970e-08, ...,
        -2.70427372e-05, -7.24269703e-05,  1.93115284e-06]], dtype=float32), 't': array([-120.  , -119.96, -119.92, ...,  119.92,  119.96,  120.  ]), 'numgood': array([29333., 28721., 33042., ..., 25398., 25445., 25333.]), 'azimuth': array([106.70407867, 110.35583496, 110.51012421, ...,  91.66669464,
        93.50034332,  95.41436768]), 'backazimuth': array([286.70507812, 290.35699463, 290.51141357, ..., 271.72796631,
       273.56170654, 275.47573853]), 'station_source': chararray([b'SS.17877', b'SS.15576', b'SS.10386', ..., b'SS.10505',
           b'SS.10406', b'SS.10495'], dtype='|S17'), 'station_receiver': chararray([b'SS.10368', b'SS.14537', b'SS.08936', ..., b'SS.18462',
           b'SS.18462', b'SS.18462'], dtype='|S17'), 'dt': 0.04, 'maxlag': 120}
{'r': array([0.13125835, 0.15639752, 0.1749707 , ..., 7.73828745, 7.76469564,
       7.78391171]), 'ncts': array([[ 1.14040549e-05, -2.18186018e-04,  1.31277149e-04, ...,
         4.20666984e-05,  1.55710513e-05,  6.08360860e-05],
       [ 3.19874525e-05,  6.74266039e-06,  2.60821289e-05, ...,
         2.01236136e-04, -3.77013275e-05,  1.35848604e-04],
       [-9.77625405e-06,  6.44611418e-06,  5.24052048e-05, ...,
        -1.18670054e-04, -1.04809005e-04, -2.96690851e-05],
       ...,
       [ 1.23196558e-04,  8.14861851e-05, -2.48249780e-05, ...,
         2.67602241e-04, -2.41054749e-05,  6.37221892e-05],
       [-6.03417466e-05,  2.46253185e-05,  5.14285239e-06, ...,
        -4.51504675e-05,  1.03934850e-04,  4.72770080e-05],
       [-1.40156015e-04, -1.08495944e-04,  1.00536839e-04, ...,
         1.96322682e-04, -5.11081198e-05, -1.66928250e-04]], dtype=float32), 't': array([-120.  , -119.96, -119.92, ...,  119.92,  119.96,  120.  ]), 'numgood': array([29429., 29356., 33128., ..., 25550., 25643., 25548.]), 'azimuth': array([106.70407867, 110.35583496, 110.51012421, ...,  91.66669464,
        93.50034332,  95.41436768]), 'backazimuth': array([286.70507812, 290.35699463, 290.51141357, ..., 271.72796631,
       273.56170654, 275.47573853]), 'station_source': chararray([b'SS.17877', b'SS.15576', b'SS.10386', ..., b'SS.10505',
           b'SS.10406', b'SS.10495'], dtype='|S17'), 'station_receiver': chararray([b'SS.10368', b'SS.14537', b'SS.08936', ..., b'SS.18462',
           b'SS.18462', b'SS.18462'], dtype='|S17'), 'dt': 0.04, 'maxlag': 120}
{'r': array([0.13125835, 0.15639752, 0.1749707 , ..., 7.73828745, 7.76469564,
       7.78391171]), 'ncts': array([[-2.27631448e-04, -7.73636639e-05,  1.35228736e-04, ...,
        -8.76036574e-06, -8.80096650e-06,  7.74727159e-05],
       [-8.52945886e-05,  5.14463463e-05,  7.34650712e-06, ...,
        -8.54317768e-05, -1.15162089e-04,  3.37179845e-05],
       [ 2.43752966e-05,  4.76606147e-05, -1.90195919e-04, ...,
        -2.70047713e-05, -8.91233140e-06, -1.33918831e-04],
       ...,
       [ 1.46565522e-04,  1.48820545e-04,  5.42556518e-05, ...,
         4.71146377e-05, -5.33702841e-05,  4.11427391e-05],
       [ 1.68567538e-04,  1.64400844e-05, -2.29216075e-05, ...,
        -1.05538267e-04,  7.46399965e-05,  4.76000168e-05],
       [ 2.89071249e-05,  1.89916595e-04, -6.85580817e-05, ...,
         1.10402776e-04,  1.21801604e-04, -5.58117281e-05]], dtype=float32), 't': array([-120.  , -119.96, -119.92, ...,  119.92,  119.96,  120.  ]), 'numgood': array([28589., 28782., 33410., ..., 26038., 26059., 25954.]), 'azimuth': array([106.70407867, 110.35583496, 110.51012421, ...,  91.66669464,
        93.50034332,  95.41436768]), 'backazimuth': array([286.70507812, 290.35699463, 290.51141357, ..., 271.72796631,
       273.56170654, 275.47573853]), 'station_source': chararray([b'SS.17877', b'SS.15576', b'SS.10386', ..., b'SS.10505',
           b'SS.10406', b'SS.10495'], dtype='|S17'), 'station_receiver': chararray([b'SS.10368', b'SS.14537', b'SS.08936', ..., b'SS.18462',
           b'SS.18462', b'SS.18462'], dtype='|S17'), 'dt': 0.04, 'maxlag': 120}
{'r': array([0.13125835, 0.15639752, 0.1749707 , ..., 7.73828745, 7.76469564,
       7.78391171]), 'ncts': array([[-2.10212762e-04, -4.16910843e-05, -7.45288780e-05, ...,
        -1.61733289e-04,  1.79054550e-05,  5.77646242e-05],
       [ 1.88378443e-04,  1.18626107e-04, -7.51611369e-05, ...,
        -3.52999159e-05, -1.24121420e-04, -1.21933197e-04],
       [-1.05039007e-05,  1.52389432e-04, -1.72188709e-04, ...,
         8.44187816e-05, -2.90807857e-05, -9.14018383e-05],
       ...,
       [ 3.65648812e-05, -2.01894189e-04,  2.75377915e-05, ...,
         1.39574167e-05,  3.71881470e-05,  1.92944003e-06],
       [ 1.30404602e-04, -2.23618772e-05, -2.24031872e-04, ...,
         8.52057565e-05, -1.56407783e-04, -4.02082187e-05],
       [ 1.05447791e-04, -3.45835615e-05, -3.15025900e-05, ...,
        -1.96742767e-05,  1.22005535e-04, -4.55954760e-05]], dtype=float32), 't': array([-120.  , -119.96, -119.92, ...,  119.92,  119.96,  120.  ]), 'numgood': array([29462., 29826., 33036., ..., 24572., 25663., 25291.]), 'azimuth': array([106.70407867, 110.35583496, 110.51012421, ...,  91.66669464,
        93.50034332,  95.41436768]), 'backazimuth': array([286.70507812, 290.35699463, 290.51141357, ..., 271.72796631,
       273.56170654, 275.47573853]), 'station_source': chararray([b'SS.17877', b'SS.15576', b'SS.10386', ..., b'SS.10505',
           b'SS.10406', b'SS.10495'], dtype='|S17'), 'station_receiver': chararray([b'SS.10368', b'SS.14537', b'SS.08936', ..., b'SS.18462',
           b'SS.18462', b'SS.18462'], dtype='|S17'), 'dt': 0.04, 'maxlag': 120}
{'r': array([0.13125835, 0.15639752, 0.1749707 , ..., 7.73828745, 7.76469564,
       7.78391171]), 'ncts': array([[ 5.80635351e-05, -9.02506290e-05,  4.97898418e-06, ...,
         7.23197518e-05,  1.30423941e-05, -7.27141305e-05],
       [-6.86318890e-05, -2.36334145e-05,  5.26804615e-05, ...,
         1.23768768e-04,  2.71930257e-05, -5.57486692e-06],
       [ 1.68597489e-05,  3.10838688e-04, -1.31088773e-05, ...,
         1.28440324e-05,  8.54399041e-05, -1.61822201e-04],
       ...,
       [ 1.11511945e-04,  1.67545237e-04,  7.62630516e-05, ...,
         1.10438457e-04,  5.80368396e-05, -1.01266822e-04],
       [ 3.33882563e-05,  5.16455148e-05, -2.82540423e-04, ...,
        -2.61115114e-04,  4.65027661e-05,  8.18994959e-05],
       [-1.46910083e-04, -2.29154408e-04,  2.59987646e-05, ...,
        -2.44329276e-04, -2.27463679e-05,  1.36452392e-04]], dtype=float32), 't': array([-120.  , -119.96, -119.92, ...,  119.92,  119.96,  120.  ]), 'numgood': array([29511., 30847., 33221., ..., 24769., 25884., 25523.]), 'azimuth': array([106.70407867, 110.35583496, 110.51012421, ...,  91.66669464,
        93.50034332,  95.41436768]), 'backazimuth': array([286.70507812, 290.35699463, 290.51141357, ..., 271.72796631,
       273.56170654, 275.47573853]), 'station_source': chararray([b'SS.17877', b'SS.15576', b'SS.10386', ..., b'SS.10505',
           b'SS.10406', b'SS.10495'], dtype='|S17'), 'station_receiver': chararray([b'SS.10368', b'SS.14537', b'SS.08936', ..., b'SS.18462',
           b'SS.18462', b'SS.18462'], dtype='|S17'), 'dt': 0.04, 'maxlag': 120}
{'r': array([0.13125835, 0.15639752, 0.1749707 , ..., 7.73828745, 7.76469564,
       7.78391171]), 'ncts': array([[-1.39179283e-05, -1.36835306e-05,  1.91528379e-05, ...,
        -2.51748657e-04, -4.99120106e-05,  3.52686147e-05],
       [-1.24790502e-04,  2.65123654e-05, -8.70751610e-05, ...,
        -8.71615121e-05,  2.17254856e-04,  2.30805945e-05],
       [-4.93484004e-05, -4.53687926e-06, -3.60506529e-05, ...,
         1.72176253e-04,  1.53233559e-04,  2.49557104e-07],
       ...,
       [-1.82810720e-04, -1.37414987e-04, -3.47311521e-04, ...,
        -9.66842636e-05, -4.15388740e-06,  1.78698072e-04],
       [-6.46123153e-05,  7.54445136e-05,  1.04824496e-04, ...,
         2.51808757e-04,  4.62368262e-05, -1.43684112e-04],
       [ 1.57089642e-04,  1.38082352e-04, -6.75630781e-06, ...,
         2.19861147e-04,  1.46106231e-06,  8.18303670e-05]], dtype=float32), 't': array([-120.  , -119.96, -119.92, ...,  119.92,  119.96,  120.  ]), 'numgood': array([28666., 29993., 33218., ..., 25236., 26320., 25955.]), 'azimuth': array([106.70407867, 110.35583496, 110.51012421, ...,  91.66669464,
        93.50034332,  95.41436768]), 'backazimuth': array([286.70507812, 290.35699463, 290.51141357, ..., 271.72796631,
       273.56170654, 275.47573853]), 'station_source': chararray([b'SS.17877', b'SS.15576', b'SS.10386', ..., b'SS.10505',
           b'SS.10406', b'SS.10495'], dtype='|S17'), 'station_receiver': chararray([b'SS.10368', b'SS.14537', b'SS.08936', ..., b'SS.18462',
           b'SS.18462', b'SS.18462'], dtype='|S17'), 'dt': 0.04, 'maxlag': 120}
{'r': array([0.13125835, 0.15639752, 0.1749707 , ..., 7.73828745, 7.76469564,
       7.78391171]), 'ncts': array([[-1.5060320e-04,  3.5196088e-05,  3.8108601e-06, ...,
         2.2039038e-05, -8.1911021e-05, -7.7777622e-05],
       [ 5.6604142e-05, -1.3621903e-06, -1.6351759e-04, ...,
        -1.2246352e-04, -8.8530353e-05,  2.8616652e-05],
       [-1.4278520e-04, -2.5529263e-04,  3.2134943e-05, ...,
        -1.8226681e-04,  1.0648159e-04,  2.7608230e-05],
       ...,
       [-1.3273518e-04, -1.7689515e-04,  2.4143702e-04, ...,
         4.4927627e-05, -8.6774889e-05, -1.3783142e-04],
       [ 2.9625227e-05,  2.8396693e-05, -3.9451843e-05, ...,
        -7.3939831e-05, -2.1380021e-05,  2.1724954e-04],
       [ 3.1016803e-05,  7.3114701e-05, -9.2114751e-05, ...,
        -1.9108361e-04, -1.2654325e-05,  5.2774150e-05]], dtype=float32), 't': array([-120.  , -119.96, -119.92, ...,  119.92,  119.96,  120.  ]), 'numgood': array([29676., 29167., 32646., ..., 24926., 26146., 25778.]), 'azimuth': array([106.70407867, 110.35583496, 110.51012421, ...,  91.66669464,
        93.50034332,  95.41436768]), 'backazimuth': array([286.70507812, 290.35699463, 290.51141357, ..., 271.72796631,
       273.56170654, 275.47573853]), 'station_source': chararray([b'SS.17877', b'SS.15576', b'SS.10386', ..., b'SS.10505',
           b'SS.10406', b'SS.10495'], dtype='|S17'), 'station_receiver': chararray([b'SS.10368', b'SS.14537', b'SS.08936', ..., b'SS.18462',
           b'SS.18462', b'SS.18462'], dtype='|S17'), 'dt': 0.04, 'maxlag': 120}
{'r': array([0.13125835, 0.15639752, 0.1749707 , ..., 7.73828745, 7.76469564,
       7.78391171]), 'ncts': array([[-1.77069567e-04, -3.47523950e-04, -9.24304768e-05, ...,
         1.83290322e-05, -3.50850351e-05,  1.88493344e-04],
       [ 1.20928620e-04,  1.11911875e-04,  8.01540809e-05, ...,
         5.94228259e-05, -4.71411040e-05, -4.53311077e-05],
       [ 6.02425425e-05, -8.77288549e-05,  9.53363779e-05, ...,
        -7.66386438e-05, -1.30452085e-04,  4.30991822e-05],
       ...,
       [-1.68828657e-04, -3.71578353e-05, -5.75656159e-05, ...,
        -8.80754451e-05, -3.02646754e-07, -1.50036556e-06],
       [ 1.91999843e-05, -2.54607643e-04,  3.85605454e-05, ...,
        -7.35631090e-07,  1.44587262e-04, -9.92959394e-06],
       [-2.22886185e-04,  1.09365552e-04,  2.24842923e-04, ...,
         6.29189017e-05,  1.49908767e-04, -8.60101500e-05]], dtype=float32), 't': array([-120.  , -119.96, -119.92, ...,  119.92,  119.96,  120.  ]), 'numgood': array([29830., 30013., 32659., ..., 25097., 26376., 26017.]), 'azimuth': array([106.70407867, 110.35583496, 110.51012421, ...,  91.66669464,
        93.50034332,  95.41436768]), 'backazimuth': array([286.70507812, 290.35699463, 290.51141357, ..., 271.72796631,
       273.56170654, 275.47573853]), 'station_source': chararray([b'SS.17877', b'SS.15576', b'SS.10386', ..., b'SS.10505',
           b'SS.10406', b'SS.10495'], dtype='|S17'), 'station_receiver': chararray([b'SS.10368', b'SS.14537', b'SS.08936', ..., b'SS.18462',
           b'SS.18462', b'SS.18462'], dtype='|S17'), 'dt': 0.04, 'maxlag': 120}
{'r': array([0.13125835, 0.15639752, 0.1749707 , ..., 7.73828745, 7.76469564,
       7.78391171]), 'ncts': array([[ 4.0100073e-05,  2.0479169e-04, -4.7529789e-05, ...,
         6.7239773e-05,  2.9323101e-05, -1.6852962e-05],
       [ 2.4423655e-04,  5.1005882e-06, -2.2296024e-05, ...,
        -2.6145528e-05,  3.6725367e-05, -7.9842452e-05],
       [ 2.7753229e-05,  4.0628711e-05, -4.4690252e-05, ...,
         1.5456451e-04,  1.4538929e-04,  7.0321810e-05],
       ...,
       [ 2.2664882e-04,  6.5051172e-05, -6.8566573e-05, ...,
        -7.6256423e-05,  1.8572361e-04,  1.4279505e-04],
       [ 9.5182033e-05,  2.8994587e-05,  1.5000335e-04, ...,
        -1.5519006e-04, -1.2828803e-04,  1.9085860e-04],
       [ 9.9099736e-05, -3.0395787e-04, -1.4772662e-04, ...,
         1.5026824e-04, -5.3328735e-05, -1.5996801e-04]], dtype=float32), 't': array([-120.  , -119.96, -119.92, ...,  119.92,  119.96,  120.  ]), 'numgood': array([28891., 29303., 33268., ..., 25572., 26813., 26453.]), 'azimuth': array([106.70407867, 110.35583496, 110.51012421, ...,  91.66669464,
        93.50034332,  95.41436768]), 'backazimuth': array([286.70507812, 290.35699463, 290.51141357, ..., 271.72796631,
       273.56170654, 275.47573853]), 'station_source': chararray([b'SS.17877', b'SS.15576', b'SS.10386', ..., b'SS.10505',
           b'SS.10406', b'SS.10495'], dtype='|S17'), 'station_receiver': chararray([b'SS.10368', b'SS.14537', b'SS.08936', ..., b'SS.18462',
           b'SS.18462', b'SS.18462'], dtype='|S17'), 'dt': 0.04, 'maxlag': 120}
Number of pairs with 9-component data: 21321
(ZR+RZ)/2
(ZR-RZ)/2
ZZ
TT
Figure saved to /srv/beegfs/scratch/shares/cdff/DPM/Postprocessing/FK_takagi/ncfs_phase_only_rma_linear_ZR-RZtime.jpg
Figure saved to /srv/beegfs/scratch/shares/cdff/DPM/Postprocessing/FK_takagi/ncfs_phase_only_rma_linear_ZR-RZfk.jpg
