There are 21321 files
1/21321
1001/21321
2001/21321
3001/21321
4001/21321
5001/21321
6001/21321
7001/21321
8001/21321
9001/21321
10001/21321
11001/21321
12001/21321
13001/21321
14001/21321
15001/21321
16001/21321
17001/21321
18001/21321
19001/21321
20001/21321
21001/21321
Time elapsed to read data: 9971
Time to read component EE: 9971.84171962738 s
1/21321
1001/21321
2001/21321
3001/21321
4001/21321
5001/21321
6001/21321
7001/21321
8001/21321
9001/21321
10001/21321
11001/21321
12001/21321
13001/21321
14001/21321
15001/21321
16001/21321
17001/21321
18001/21321
19001/21321
20001/21321
21001/21321
Time elapsed to read data: 3093
Time to read component EN: 3093.7065448760986 s
1/21321
1001/21321
2001/21321
3001/21321
4001/21321
5001/21321
6001/21321
7001/21321
8001/21321
9001/21321
10001/21321
11001/21321
12001/21321
13001/21321
14001/21321
15001/21321
16001/21321
17001/21321
18001/21321
19001/21321
20001/21321
21001/21321
Time elapsed to read data: 3321
Time to read component EZ: 3322.03720331192 s
1/21321
1001/21321
2001/21321
3001/21321
4001/21321
5001/21321
6001/21321
7001/21321
8001/21321
9001/21321
10001/21321
11001/21321
12001/21321
13001/21321
14001/21321
15001/21321
16001/21321
17001/21321
18001/21321
19001/21321
20001/21321
21001/21321
Time elapsed to read data: 3430
Time to read component NE: 3430.9504277706146 s
1/21321
1001/21321
2001/21321
3001/21321
4001/21321
5001/21321
6001/21321
7001/21321
8001/21321
9001/21321
10001/21321
11001/21321
12001/21321
13001/21321
14001/21321
15001/21321
16001/21321
17001/21321
18001/21321
19001/21321
20001/21321
21001/21321
Time elapsed to read data: 3909
Time to read component NN: 3910.2752192020416 s
1/21321
1001/21321
2001/21321
3001/21321
4001/21321
5001/21321
6001/21321
7001/21321
8001/21321
9001/21321
10001/21321
11001/21321
12001/21321
13001/21321
14001/21321
15001/21321
16001/21321
17001/21321
18001/21321
19001/21321
20001/21321
21001/21321
Time elapsed to read data: 3274
Time to read component NZ: 3274.875045776367 s
1/21321
1001/21321
2001/21321
3001/21321
4001/21321
5001/21321
6001/21321
7001/21321
8001/21321
9001/21321
10001/21321
11001/21321
12001/21321
13001/21321
14001/21321
15001/21321
16001/21321
17001/21321
18001/21321
19001/21321
20001/21321
21001/21321
Time elapsed to read data: 2712
Time to read component ZE: 2712.7681889533997 s
1/21321
1001/21321
2001/21321
3001/21321
4001/21321
5001/21321
6001/21321
7001/21321
8001/21321
9001/21321
10001/21321
11001/21321
12001/21321
13001/21321
14001/21321
15001/21321
16001/21321
17001/21321
18001/21321
19001/21321
20001/21321
21001/21321
Time elapsed to read data: 2646
Time to read component ZN: 2646.633782863617 s
1/21321
1001/21321
2001/21321
3001/21321
4001/21321
5001/21321
6001/21321
7001/21321
8001/21321
9001/21321
10001/21321
11001/21321
12001/21321
13001/21321
14001/21321
15001/21321
16001/21321
17001/21321
18001/21321
19001/21321
20001/21321
21001/21321
Time elapsed to read data: 2724
Time to read component ZZ: 2724.8932843208313 s
Time to read all stacks for all components: 35087.98944234848 s
{'r': array([0.13125835, 0.15639752, 0.1749707 , ..., 7.73828745, 7.76469564,
       7.78391171]), 'ncts': array([[ 6.90094457e-05,  7.20352837e-05,  1.61895383e-04, ...,
         4.74216504e-05,  1.23589038e-04,  3.13680721e-05],
       [ 1.33172056e-04,  2.19338239e-04,  1.83491147e-06, ...,
        -6.78391516e-05, -7.01746612e-05,  3.58561806e-06],
       [-4.34854082e-05, -8.65755137e-05,  2.22854622e-04, ...,
        -1.09602595e-04, -3.55517732e-05,  1.57640625e-05],
       ...,
       [-1.92401960e-04,  1.53343673e-04, -2.06244033e-04, ...,
         1.66054073e-04,  2.10864509e-05, -1.05721210e-05],
       [-1.54865920e-05, -9.64094434e-05,  5.82673019e-05, ...,
         1.60593499e-05,  4.46344075e-06, -1.88553910e-04],
       [ 5.97163853e-05,  9.97560164e-06,  1.64771147e-04, ...,
        -1.00977872e-04,  9.30181923e-05, -2.28736644e-05]], dtype=float32), 't': array([-120.  , -119.96, -119.92, ...,  119.92,  119.96,  120.  ]), 'numgood': array([29333., 28721., 33042., ..., 25398., 25445., 25333.]), 'azimuth': array([106.70407867, 110.35583496, 110.51012421, ...,  91.66669464,
        93.50034332,  95.41436768]), 'backazimuth': array([286.70507812, 290.35699463, 290.51141357, ..., 271.72796631,
       273.56170654, 275.47573853]), 'station_source': chararray([b'SS.17877', b'SS.15576', b'SS.10386', ..., b'SS.10505',
           b'SS.10406', b'SS.10495'], dtype='|S17'), 'station_receiver': chararray([b'SS.10368', b'SS.14537', b'SS.08936', ..., b'SS.18462',
           b'SS.18462', b'SS.18462'], dtype='|S17'), 'dt': 0.04, 'maxlag': 120}
{'r': array([0.13125835, 0.15639752, 0.1749707 , ..., 7.73828745, 7.76469564,
       7.78391171]), 'ncts': array([[-1.0316953e-04, -7.3435112e-05,  1.4570949e-05, ...,
         1.3308282e-04, -2.2882587e-05,  1.2920523e-04],
       [-1.0280789e-04,  9.7089374e-05,  2.2791688e-04, ...,
         2.0048047e-04, -4.8042151e-05, -2.3651155e-05],
       [ 1.7733420e-05,  2.1444685e-05,  2.0074219e-04, ...,
        -8.3199149e-05, -8.7624372e-05,  5.7611605e-06],
       ...,
       [ 7.2458271e-05, -1.5284155e-05, -1.3797780e-04, ...,
         4.6318281e-05, -4.1740455e-05, -5.5348995e-05],
       [-1.7522146e-04,  1.0135285e-05, -7.6566153e-05, ...,
        -7.5550497e-06, -8.8615554e-05, -1.1425284e-04],
       [-6.2651532e-05, -2.0041171e-04, -1.6127997e-04, ...,
         9.1732807e-05,  1.2804034e-04, -2.5805522e-04]], dtype=float32), 't': array([-120.  , -119.96, -119.92, ...,  119.92,  119.96,  120.  ]), 'numgood': array([29429., 29356., 33128., ..., 25550., 25643., 25548.]), 'azimuth': array([106.70407867, 110.35583496, 110.51012421, ...,  91.66669464,
        93.50034332,  95.41436768]), 'backazimuth': array([286.70507812, 290.35699463, 290.51141357, ..., 271.72796631,
       273.56170654, 275.47573853]), 'station_source': chararray([b'SS.17877', b'SS.15576', b'SS.10386', ..., b'SS.10505',
           b'SS.10406', b'SS.10495'], dtype='|S17'), 'station_receiver': chararray([b'SS.10368', b'SS.14537', b'SS.08936', ..., b'SS.18462',
           b'SS.18462', b'SS.18462'], dtype='|S17'), 'dt': 0.04, 'maxlag': 120}
{'r': array([0.13125835, 0.15639752, 0.1749707 , ..., 7.73828745, 7.76469564,
       7.78391171]), 'ncts': array([[-6.23889064e-05, -4.93062544e-05,  7.16799041e-05, ...,
        -5.39552457e-05, -7.98073597e-05, -2.98743707e-05],
       [ 1.02367130e-05, -1.38131936e-05,  2.16976478e-05, ...,
        -3.20189502e-05, -5.93661498e-05, -7.92392966e-05],
       [ 5.98444276e-05, -1.00623169e-04,  3.71075475e-05, ...,
        -2.08496499e-06,  4.78119364e-06, -8.31564612e-05],
       ...,
       [ 8.36340550e-05,  1.05533523e-04, -3.30830459e-04, ...,
         5.18566740e-05,  7.45655925e-05,  1.12641974e-04],
       [-4.86045356e-05,  2.20182392e-05, -5.93781624e-05, ...,
         7.40952892e-05, -3.93990849e-05,  6.15461904e-05],
       [-1.25453398e-05,  7.84503573e-05,  2.88111514e-05, ...,
         3.05792673e-05, -1.86692749e-04, -1.21030826e-05]], dtype=float32), 't': array([-120.  , -119.96, -119.92, ...,  119.92,  119.96,  120.  ]), 'numgood': array([28589., 28782., 33410., ..., 26038., 26059., 25954.]), 'azimuth': array([106.70407867, 110.35583496, 110.51012421, ...,  91.66669464,
        93.50034332,  95.41436768]), 'backazimuth': array([286.70507812, 290.35699463, 290.51141357, ..., 271.72796631,
       273.56170654, 275.47573853]), 'station_source': chararray([b'SS.17877', b'SS.15576', b'SS.10386', ..., b'SS.10505',
           b'SS.10406', b'SS.10495'], dtype='|S17'), 'station_receiver': chararray([b'SS.10368', b'SS.14537', b'SS.08936', ..., b'SS.18462',
           b'SS.18462', b'SS.18462'], dtype='|S17'), 'dt': 0.04, 'maxlag': 120}
{'r': array([0.13125835, 0.15639752, 0.1749707 , ..., 7.73828745, 7.76469564,
       7.78391171]), 'ncts': array([[ 3.7737387e-05, -3.5111567e-05, -5.2052997e-05, ...,
        -9.4610543e-05,  6.3624233e-05,  5.5744666e-05],
       [ 9.4095514e-05,  1.3586224e-04, -1.9868765e-04, ...,
        -1.5886320e-05,  2.3798357e-05,  3.0086156e-05],
       [-2.7918666e-05,  4.6644767e-05, -2.3113326e-04, ...,
        -9.2250579e-05, -9.0207577e-05, -1.6917648e-04],
       ...,
       [-7.6136123e-05,  4.4279073e-05, -7.6286437e-05, ...,
         2.6544063e-05, -1.2547786e-05,  2.8254097e-05],
       [ 2.7810005e-04,  3.7971622e-05, -1.3615901e-04, ...,
         5.3916960e-05, -3.0500974e-05, -8.1525381e-05],
       [ 1.4044819e-04,  6.1131645e-06,  9.1919515e-05, ...,
         1.7709988e-05, -6.8091933e-05, -2.0729215e-04]], dtype=float32), 't': array([-120.  , -119.96, -119.92, ...,  119.92,  119.96,  120.  ]), 'numgood': array([29462., 29826., 33036., ..., 24572., 25663., 25291.]), 'azimuth': array([106.70407867, 110.35583496, 110.51012421, ...,  91.66669464,
        93.50034332,  95.41436768]), 'backazimuth': array([286.70507812, 290.35699463, 290.51141357, ..., 271.72796631,
       273.56170654, 275.47573853]), 'station_source': chararray([b'SS.17877', b'SS.15576', b'SS.10386', ..., b'SS.10505',
           b'SS.10406', b'SS.10495'], dtype='|S17'), 'station_receiver': chararray([b'SS.10368', b'SS.14537', b'SS.08936', ..., b'SS.18462',
           b'SS.18462', b'SS.18462'], dtype='|S17'), 'dt': 0.04, 'maxlag': 120}
{'r': array([0.13125835, 0.15639752, 0.1749707 , ..., 7.73828745, 7.76469564,
       7.78391171]), 'ncts': array([[ 7.0381422e-05,  2.5780523e-06,  4.7149148e-05, ...,
         3.9363124e-05, -4.6650664e-05, -9.6215052e-05],
       [-6.1445680e-05, -6.0806899e-05, -9.3240247e-05, ...,
         1.1692212e-04, -1.9610859e-04, -1.2764597e-04],
       [-6.4832100e-05,  8.9733752e-05,  8.0267127e-06, ...,
        -1.7694112e-04,  3.5997211e-06,  8.6069944e-05],
       ...,
       [ 1.2400666e-04,  6.1191458e-05,  1.3002638e-04, ...,
         5.2890059e-06,  6.8800036e-05,  7.1876035e-05],
       [ 5.8445705e-05,  7.6432079e-05, -1.1100723e-04, ...,
        -5.5275381e-05,  1.1586935e-04,  1.3943740e-04],
       [ 1.2557695e-04, -2.6552804e-04, -1.3478214e-04, ...,
        -4.3445580e-05, -7.8446421e-05, -5.8200545e-05]], dtype=float32), 't': array([-120.  , -119.96, -119.92, ...,  119.92,  119.96,  120.  ]), 'numgood': array([29511., 30847., 33221., ..., 24769., 25884., 25523.]), 'azimuth': array([106.70407867, 110.35583496, 110.51012421, ...,  91.66669464,
        93.50034332,  95.41436768]), 'backazimuth': array([286.70507812, 290.35699463, 290.51141357, ..., 271.72796631,
       273.56170654, 275.47573853]), 'station_source': chararray([b'SS.17877', b'SS.15576', b'SS.10386', ..., b'SS.10505',
           b'SS.10406', b'SS.10495'], dtype='|S17'), 'station_receiver': chararray([b'SS.10368', b'SS.14537', b'SS.08936', ..., b'SS.18462',
           b'SS.18462', b'SS.18462'], dtype='|S17'), 'dt': 0.04, 'maxlag': 120}
{'r': array([0.13125835, 0.15639752, 0.1749707 , ..., 7.73828745, 7.76469564,
       7.78391171]), 'ncts': array([[ 6.30395734e-05,  1.36057002e-04,  2.28704139e-05, ...,
        -1.30086346e-05,  8.90240626e-05,  1.37166207e-04],
       [ 1.67048802e-05, -1.67886428e-05, -2.15324799e-05, ...,
        -1.63040910e-04,  1.45011363e-04,  2.71455501e-05],
       [ 2.51078836e-05, -3.36218473e-05, -1.01970218e-04, ...,
         1.47710321e-04,  1.20940247e-04, -6.96434872e-05],
       ...,
       [-1.18435149e-04, -6.17945188e-05, -1.63960896e-04, ...,
        -2.98220148e-05, -2.31850936e-05,  3.38627637e-04],
       [ 6.02711079e-05, -1.77546499e-05,  1.80311268e-04, ...,
         1.07960615e-04, -5.63264184e-05, -1.35255163e-04],
       [ 9.24984488e-05,  7.78851518e-06, -1.91254978e-04, ...,
         1.09344619e-04,  1.31988869e-04, -1.97135450e-04]], dtype=float32), 't': array([-120.  , -119.96, -119.92, ...,  119.92,  119.96,  120.  ]), 'numgood': array([28666., 29993., 33218., ..., 25236., 26320., 25955.]), 'azimuth': array([106.70407867, 110.35583496, 110.51012421, ...,  91.66669464,
        93.50034332,  95.41436768]), 'backazimuth': array([286.70507812, 290.35699463, 290.51141357, ..., 271.72796631,
       273.56170654, 275.47573853]), 'station_source': chararray([b'SS.17877', b'SS.15576', b'SS.10386', ..., b'SS.10505',
           b'SS.10406', b'SS.10495'], dtype='|S17'), 'station_receiver': chararray([b'SS.10368', b'SS.14537', b'SS.08936', ..., b'SS.18462',
           b'SS.18462', b'SS.18462'], dtype='|S17'), 'dt': 0.04, 'maxlag': 120}
{'r': array([0.13125835, 0.15639752, 0.1749707 , ..., 7.73828745, 7.76469564,
       7.78391171]), 'ncts': array([[-5.50737241e-05,  1.35265829e-04,  1.52132954e-04, ...,
         9.03261825e-05, -1.16139709e-04, -1.13717819e-04],
       [ 1.48692616e-05, -7.58434135e-06, -1.12487018e-04, ...,
        -3.00637093e-05, -1.79611216e-05, -7.03305923e-05],
       [ 3.08309354e-05, -3.32652591e-04,  1.32119152e-04, ...,
        -1.88782469e-05, -7.36029178e-05, -1.81726627e-05],
       ...,
       [ 1.85442768e-04, -1.53344648e-04,  3.62692459e-04, ...,
         6.01989668e-05,  2.41454891e-05,  1.68955317e-04],
       [-9.59793470e-05, -1.31172319e-05, -1.13699149e-04, ...,
        -4.83048861e-05,  1.18230710e-04,  2.22324597e-04],
       [ 1.89249637e-04,  2.82155652e-05, -2.97116057e-05, ...,
        -1.15383678e-04,  1.16576804e-04, -4.68063081e-05]], dtype=float32), 't': array([-120.  , -119.96, -119.92, ...,  119.92,  119.96,  120.  ]), 'numgood': array([29676., 29167., 32646., ..., 24926., 26146., 25778.]), 'azimuth': array([106.70407867, 110.35583496, 110.51012421, ...,  91.66669464,
        93.50034332,  95.41436768]), 'backazimuth': array([286.70507812, 290.35699463, 290.51141357, ..., 271.72796631,
       273.56170654, 275.47573853]), 'station_source': chararray([b'SS.17877', b'SS.15576', b'SS.10386', ..., b'SS.10505',
           b'SS.10406', b'SS.10495'], dtype='|S17'), 'station_receiver': chararray([b'SS.10368', b'SS.14537', b'SS.08936', ..., b'SS.18462',
           b'SS.18462', b'SS.18462'], dtype='|S17'), 'dt': 0.04, 'maxlag': 120}
{'r': array([0.13125835, 0.15639752, 0.1749707 , ..., 7.73828745, 7.76469564,
       7.78391171]), 'ncts': array([[-1.33459238e-04, -2.64519767e-04, -1.72275497e-04, ...,
         1.21819605e-04, -1.18396340e-04,  1.60584110e-04],
       [ 8.47432384e-05,  7.24671263e-05,  1.12276583e-04, ...,
         7.09719607e-05,  2.13530046e-04, -3.89294764e-05],
       [-8.45162212e-05, -9.98832274e-06,  5.43727037e-05, ...,
         7.63160933e-05, -1.07316846e-04, -2.50356720e-06],
       ...,
       [-6.13667653e-05, -4.32371999e-05,  1.11210808e-04, ...,
        -1.03238912e-04,  7.67306192e-05,  1.41282566e-04],
       [ 1.14393210e-04, -2.25448839e-05,  7.38491872e-05, ...,
         1.49662548e-04,  3.02534987e-04, -3.10717267e-04],
       [-3.27108952e-04,  5.74814985e-05,  5.26059775e-05, ...,
         3.17894774e-05,  1.52411303e-04, -4.55072186e-05]], dtype=float32), 't': array([-120.  , -119.96, -119.92, ...,  119.92,  119.96,  120.  ]), 'numgood': array([29830., 30013., 32659., ..., 25097., 26376., 26017.]), 'azimuth': array([106.70407867, 110.35583496, 110.51012421, ...,  91.66669464,
        93.50034332,  95.41436768]), 'backazimuth': array([286.70507812, 290.35699463, 290.51141357, ..., 271.72796631,
       273.56170654, 275.47573853]), 'station_source': chararray([b'SS.17877', b'SS.15576', b'SS.10386', ..., b'SS.10505',
           b'SS.10406', b'SS.10495'], dtype='|S17'), 'station_receiver': chararray([b'SS.10368', b'SS.14537', b'SS.08936', ..., b'SS.18462',
           b'SS.18462', b'SS.18462'], dtype='|S17'), 'dt': 0.04, 'maxlag': 120}
{'r': array([0.13125835, 0.15639752, 0.1749707 , ..., 7.73828745, 7.76469564,
       7.78391171]), 'ncts': array([[ 2.8612625e-05,  4.4929984e-05, -3.0756120e-05, ...,
        -1.5714065e-04, -4.6976103e-05, -1.9605755e-05],
       [ 2.0246283e-04,  3.4598066e-05, -3.5972804e-05, ...,
        -9.9272889e-05, -6.8943169e-05,  1.0311338e-06],
       [-6.5287946e-05,  6.1671359e-05,  8.2872961e-05, ...,
        -1.7338567e-05,  4.3946464e-05,  2.7401393e-05],
       ...,
       [-4.8030532e-05, -1.0500398e-05,  1.4461789e-04, ...,
        -9.2567054e-05, -6.4651999e-07,  2.3765851e-05],
       [-5.2659299e-05,  1.6355592e-05,  8.7032204e-06, ...,
         3.4082454e-06, -9.6117808e-05,  4.0089501e-05],
       [ 2.7273019e-04, -7.9969934e-05, -2.1734613e-04, ...,
         2.2451926e-04,  1.3606215e-04,  2.8411072e-05]], dtype=float32), 't': array([-120.  , -119.96, -119.92, ...,  119.92,  119.96,  120.  ]), 'numgood': array([28891., 29303., 33268., ..., 25572., 26813., 26453.]), 'azimuth': array([106.70407867, 110.35583496, 110.51012421, ...,  91.66669464,
        93.50034332,  95.41436768]), 'backazimuth': array([286.70507812, 290.35699463, 290.51141357, ..., 271.72796631,
       273.56170654, 275.47573853]), 'station_source': chararray([b'SS.17877', b'SS.15576', b'SS.10386', ..., b'SS.10505',
           b'SS.10406', b'SS.10495'], dtype='|S17'), 'station_receiver': chararray([b'SS.10368', b'SS.14537', b'SS.08936', ..., b'SS.18462',
           b'SS.18462', b'SS.18462'], dtype='|S17'), 'dt': 0.04, 'maxlag': 120}
Number of pairs with 9-component data: 21321
(ZR+RZ)/2
(ZR-RZ)/2
ZZ
TT
Figure saved to /srv/beegfs/scratch/shares/cdff/DPM/Postprocessing/FK_takagi/ncfs_phase_only_1bit_linear_ZR-RZtime.jpg
Figure saved to /srv/beegfs/scratch/shares/cdff/DPM/Postprocessing/FK_takagi/ncfs_phase_only_1bit_linear_ZR-RZfk.jpg
