There are 21321 files
1/21321
1001/21321
2001/21321
3001/21321
4001/21321
5001/21321
6001/21321
7001/21321
8001/21321
9001/21321
10001/21321
11001/21321
12001/21321
13001/21321
14001/21321
15001/21321
16001/21321
17001/21321
18001/21321
19001/21321
20001/21321
21001/21321
Time elapsed to read data: 10208
Time to read component EE: 10209.063731908798 s
1/21321
1001/21321
2001/21321
3001/21321
4001/21321
5001/21321
6001/21321
7001/21321
8001/21321
9001/21321
10001/21321
11001/21321
12001/21321
13001/21321
14001/21321
15001/21321
16001/21321
17001/21321
18001/21321
19001/21321
20001/21321
21001/21321
Time elapsed to read data: 3093
Time to read component EN: 3093.7054183483124 s
1/21321
1001/21321
2001/21321
3001/21321
4001/21321
5001/21321
6001/21321
7001/21321
8001/21321
9001/21321
10001/21321
11001/21321
12001/21321
13001/21321
14001/21321
15001/21321
16001/21321
17001/21321
18001/21321
19001/21321
20001/21321
21001/21321
Time elapsed to read data: 3321
Time to read component EZ: 3322.0638797283173 s
1/21321
1001/21321
2001/21321
3001/21321
4001/21321
5001/21321
6001/21321
7001/21321
8001/21321
9001/21321
10001/21321
11001/21321
12001/21321
13001/21321
14001/21321
15001/21321
16001/21321
17001/21321
18001/21321
19001/21321
20001/21321
21001/21321
Time elapsed to read data: 3430
Time to read component NE: 3430.941178560257 s
1/21321
1001/21321
2001/21321
3001/21321
4001/21321
5001/21321
6001/21321
7001/21321
8001/21321
9001/21321
10001/21321
11001/21321
12001/21321
13001/21321
14001/21321
15001/21321
16001/21321
17001/21321
18001/21321
19001/21321
20001/21321
21001/21321
Time elapsed to read data: 3909
Time to read component NN: 3910.296579360962 s
1/21321
1001/21321
2001/21321
3001/21321
4001/21321
5001/21321
6001/21321
7001/21321
8001/21321
9001/21321
10001/21321
11001/21321
12001/21321
13001/21321
14001/21321
15001/21321
16001/21321
17001/21321
18001/21321
19001/21321
20001/21321
21001/21321
Time elapsed to read data: 3274
Time to read component NZ: 3274.847913980484 s
1/21321
1001/21321
2001/21321
3001/21321
4001/21321
5001/21321
6001/21321
7001/21321
8001/21321
9001/21321
10001/21321
11001/21321
12001/21321
13001/21321
14001/21321
15001/21321
16001/21321
17001/21321
18001/21321
19001/21321
20001/21321
21001/21321
Time elapsed to read data: 2712
Time to read component ZE: 2712.7810773849487 s
1/21321
1001/21321
2001/21321
3001/21321
4001/21321
5001/21321
6001/21321
7001/21321
8001/21321
9001/21321
10001/21321
11001/21321
12001/21321
13001/21321
14001/21321
15001/21321
16001/21321
17001/21321
18001/21321
19001/21321
20001/21321
21001/21321
Time elapsed to read data: 2646
Time to read component ZN: 2646.6365633010864 s
1/21321
1001/21321
2001/21321
3001/21321
4001/21321
5001/21321
6001/21321
7001/21321
8001/21321
9001/21321
10001/21321
11001/21321
12001/21321
13001/21321
14001/21321
15001/21321
16001/21321
17001/21321
18001/21321
19001/21321
20001/21321
21001/21321
Time elapsed to read data: 2724
Time to read component ZZ: 2724.927106142044 s
Time to read all stacks for all components: 35325.27411913872 s
{'r': array([0.13125835, 0.15639752, 0.1749707 , ..., 7.73828745, 7.76469564,
       7.78391171]), 'ncts': array([[ 3.9978570e-08,  1.7437435e-09,  6.6731559e-07, ...,
         1.3079404e-07,  2.0673107e-07,  1.6884327e-08],
       [ 6.3874597e-07,  8.1397343e-07,  1.3000797e-09, ...,
        -5.5565375e-09, -1.2205896e-08,  6.9821610e-10],
       [-2.7337625e-08, -2.4938802e-07,  5.4461242e-07, ...,
        -2.6923888e-07, -5.2873045e-08,  1.4273780e-08],
       ...,
       [-2.8987493e-08,  1.6650729e-07, -1.1434118e-07, ...,
         1.9467525e-07,  8.0243066e-09, -8.9282253e-09],
       [-7.3523743e-09, -9.3737853e-08,  4.2431193e-08, ...,
         2.3118998e-10,  1.9626197e-10, -2.3334088e-07],
       [ 1.7731121e-08,  5.4213070e-09,  1.0553644e-07, ...,
        -8.0126805e-10,  7.2468866e-09, -9.8478674e-09]], dtype=float32), 't': array([-120.  , -119.96, -119.92, ...,  119.92,  119.96,  120.  ]), 'numgood': array([29333., 28721., 33042., ..., 25398., 25445., 25333.]), 'azimuth': array([106.70407867, 110.35583496, 110.51012421, ...,  91.66669464,
        93.50034332,  95.41436768]), 'backazimuth': array([286.70507812, 290.35699463, 290.51141357, ..., 271.72796631,
       273.56170654, 275.47573853]), 'station_source': chararray([b'SS.17877', b'SS.15576', b'SS.10386', ..., b'SS.10505',
           b'SS.10406', b'SS.10495'], dtype='|S17'), 'station_receiver': chararray([b'SS.10368', b'SS.14537', b'SS.08936', ..., b'SS.18462',
           b'SS.18462', b'SS.18462'], dtype='|S17'), 'dt': 0.04, 'maxlag': 120}
{'r': array([0.13125835, 0.15639752, 0.1749707 , ..., 7.73828745, 7.76469564,
       7.78391171]), 'ncts': array([[-1.5788515e-08, -3.7773031e-08,  1.7873676e-09, ...,
         1.7334264e-07, -3.3231798e-10,  4.2142784e-07],
       [-1.8075671e-07,  3.3191196e-07,  6.5915663e-07, ...,
         3.0612347e-07, -3.8920010e-08, -4.1528846e-08],
       [ 2.8149423e-09,  7.4235365e-09,  6.3572037e-07, ...,
        -6.6434076e-08, -8.1620604e-09,  5.9454344e-09],
       ...,
       [ 1.4582260e-09, -1.2287207e-08, -1.9750200e-07, ...,
         2.6285139e-09, -3.7721479e-09, -5.4841816e-08],
       [-2.2318532e-07,  4.3088084e-09, -3.2614984e-08, ...,
        -1.1774500e-08, -1.6026988e-07, -1.4884637e-07],
       [-2.5611538e-08, -3.4873523e-08, -1.1821406e-07, ...,
         4.2148233e-08,  1.5091445e-07, -8.6911348e-07]], dtype=float32), 't': array([-120.  , -119.96, -119.92, ...,  119.92,  119.96,  120.  ]), 'numgood': array([29429., 29356., 33128., ..., 25550., 25643., 25548.]), 'azimuth': array([106.70407867, 110.35583496, 110.51012421, ...,  91.66669464,
        93.50034332,  95.41436768]), 'backazimuth': array([286.70507812, 290.35699463, 290.51141357, ..., 271.72796631,
       273.56170654, 275.47573853]), 'station_source': chararray([b'SS.17877', b'SS.15576', b'SS.10386', ..., b'SS.10505',
           b'SS.10406', b'SS.10495'], dtype='|S17'), 'station_receiver': chararray([b'SS.10368', b'SS.14537', b'SS.08936', ..., b'SS.18462',
           b'SS.18462', b'SS.18462'], dtype='|S17'), 'dt': 0.04, 'maxlag': 120}
{'r': array([0.13125835, 0.15639752, 0.1749707 , ..., 7.73828745, 7.76469564,
       7.78391171]), 'ncts': array([[-2.42294682e-08, -2.69335079e-08,  2.85002666e-09, ...,
        -2.45292515e-08, -2.20970655e-08, -1.24970194e-08],
       [ 1.34656535e-08, -4.46131709e-09,  7.31591246e-11, ...,
        -2.38077931e-08, -1.70640000e-08, -1.09745571e-07],
       [ 1.25346737e-08, -1.10649076e-07,  3.61575694e-08, ...,
        -3.63242880e-10,  3.11007931e-09, -1.94425063e-08],
       ...,
       [ 1.11421086e-08,  4.22397761e-07, -1.47587787e-06, ...,
         9.83986297e-08,  3.31539276e-08,  2.85622235e-07],
       [-3.77457745e-08,  1.22261152e-08, -2.56041499e-08, ...,
         2.21693046e-08, -3.22800386e-09,  3.06289181e-08],
       [-3.36675932e-09,  3.61999142e-08,  7.54740492e-10, ...,
         5.34250830e-08, -4.36317009e-07, -6.15334672e-09]], dtype=float32), 't': array([-120.  , -119.96, -119.92, ...,  119.92,  119.96,  120.  ]), 'numgood': array([28589., 28782., 33410., ..., 26038., 26059., 25954.]), 'azimuth': array([106.70407867, 110.35583496, 110.51012421, ...,  91.66669464,
        93.50034332,  95.41436768]), 'backazimuth': array([286.70507812, 290.35699463, 290.51141357, ..., 271.72796631,
       273.56170654, 275.47573853]), 'station_source': chararray([b'SS.17877', b'SS.15576', b'SS.10386', ..., b'SS.10505',
           b'SS.10406', b'SS.10495'], dtype='|S17'), 'station_receiver': chararray([b'SS.10368', b'SS.14537', b'SS.08936', ..., b'SS.18462',
           b'SS.18462', b'SS.18462'], dtype='|S17'), 'dt': 0.04, 'maxlag': 120}
{'r': array([0.13125835, 0.15639752, 0.1749707 , ..., 7.73828745, 7.76469564,
       7.78391171]), 'ncts': array([[ 2.96010203e-08, -2.32077806e-08, -2.00067340e-08, ...,
        -7.75601094e-09,  1.96684091e-08,  1.28905198e-09],
       [ 1.21672343e-07,  5.38750214e-07, -5.17977526e-07, ...,
        -2.68624634e-09,  1.79035862e-08,  2.96237701e-08],
       [-1.35893075e-08,  1.45397170e-08, -5.29628608e-07, ...,
        -1.02543403e-07, -1.39317379e-07, -3.36040614e-07],
       ...,
       [-6.82862904e-08,  2.08436362e-08, -5.04609821e-09, ...,
         1.10756071e-08, -1.56441182e-09,  1.51714268e-08],
       [ 8.57934992e-07,  1.06210081e-07, -3.26556915e-08, ...,
         2.66106559e-09, -4.90609375e-09, -2.11414153e-09],
       [ 8.41259933e-08,  3.30242833e-09,  1.73315286e-07, ...,
         5.62874680e-09, -7.51071372e-10, -4.70543604e-08]], dtype=float32), 't': array([-120.  , -119.96, -119.92, ...,  119.92,  119.96,  120.  ]), 'numgood': array([29462., 29826., 33036., ..., 24572., 25663., 25291.]), 'azimuth': array([106.70407867, 110.35583496, 110.51012421, ...,  91.66669464,
        93.50034332,  95.41436768]), 'backazimuth': array([286.70507812, 290.35699463, 290.51141357, ..., 271.72796631,
       273.56170654, 275.47573853]), 'station_source': chararray([b'SS.17877', b'SS.15576', b'SS.10386', ..., b'SS.10505',
           b'SS.10406', b'SS.10495'], dtype='|S17'), 'station_receiver': chararray([b'SS.10368', b'SS.14537', b'SS.08936', ..., b'SS.18462',
           b'SS.18462', b'SS.18462'], dtype='|S17'), 'dt': 0.04, 'maxlag': 120}
{'r': array([0.13125835, 0.15639752, 0.1749707 , ..., 7.73828745, 7.76469564,
       7.78391171]), 'ncts': array([[ 6.1452688e-08,  7.8608120e-10,  2.6545255e-09, ...,
         2.8673968e-08, -6.0596674e-09, -4.9200388e-08],
       [-7.1980061e-08, -7.2823610e-08, -2.2528447e-08, ...,
         3.1938619e-08, -7.7556314e-07, -3.0545954e-07],
       [-3.8999566e-08,  1.0443260e-07,  5.9150940e-10, ...,
        -6.4864594e-07,  1.1105747e-08,  3.3540065e-08],
       ...,
       [ 3.8703771e-08,  3.7176140e-08,  1.2662086e-07, ...,
         4.9417568e-09,  4.2241503e-08,  1.2987179e-07],
       [ 5.7859978e-10,  1.2750662e-08, -4.7326211e-08, ...,
        -6.4003345e-08,  1.3096484e-07,  4.3359520e-07],
       [ 5.7060646e-08, -3.4842967e-07, -3.4999499e-07, ...,
        -4.2914245e-08, -1.2923954e-07, -7.1396627e-08]], dtype=float32), 't': array([-120.  , -119.96, -119.92, ...,  119.92,  119.96,  120.  ]), 'numgood': array([29511., 30847., 33221., ..., 24769., 25884., 25523.]), 'azimuth': array([106.70407867, 110.35583496, 110.51012421, ...,  91.66669464,
        93.50034332,  95.41436768]), 'backazimuth': array([286.70507812, 290.35699463, 290.51141357, ..., 271.72796631,
       273.56170654, 275.47573853]), 'station_source': chararray([b'SS.17877', b'SS.15576', b'SS.10386', ..., b'SS.10505',
           b'SS.10406', b'SS.10495'], dtype='|S17'), 'station_receiver': chararray([b'SS.10368', b'SS.14537', b'SS.08936', ..., b'SS.18462',
           b'SS.18462', b'SS.18462'], dtype='|S17'), 'dt': 0.04, 'maxlag': 120}
{'r': array([0.13125835, 0.15639752, 0.1749707 , ..., 7.73828745, 7.76469564,
       7.78391171]), 'ncts': array([[ 5.2647458e-08,  1.4556986e-07,  2.1804235e-08, ...,
        -5.7291322e-10,  3.2189774e-08,  3.5439763e-07],
       [ 9.6548396e-09, -1.4660632e-08, -2.1197838e-08, ...,
        -3.2782805e-07,  6.6229512e-07,  8.1381330e-08],
       [ 7.8641911e-09, -4.6008015e-09, -4.6985176e-09, ...,
         1.7314885e-07,  4.5037794e-07, -2.5870794e-08],
       ...,
       [-1.3851663e-07, -2.6971231e-08, -1.9679813e-07, ...,
        -8.9925389e-10, -6.4456628e-08,  1.4225354e-06],
       [ 1.3655574e-08, -6.9952039e-10,  2.0999273e-07, ...,
         8.6979306e-08, -3.4937109e-08, -6.2284911e-08],
       [ 1.1249119e-07,  1.0798058e-08, -3.7121706e-07, ...,
         3.4707392e-07,  4.8687664e-08, -1.2262275e-07]], dtype=float32), 't': array([-120.  , -119.96, -119.92, ...,  119.92,  119.96,  120.  ]), 'numgood': array([28666., 29993., 33218., ..., 25236., 26320., 25955.]), 'azimuth': array([106.70407867, 110.35583496, 110.51012421, ...,  91.66669464,
        93.50034332,  95.41436768]), 'backazimuth': array([286.70507812, 290.35699463, 290.51141357, ..., 271.72796631,
       273.56170654, 275.47573853]), 'station_source': chararray([b'SS.17877', b'SS.15576', b'SS.10386', ..., b'SS.10505',
           b'SS.10406', b'SS.10495'], dtype='|S17'), 'station_receiver': chararray([b'SS.10368', b'SS.14537', b'SS.08936', ..., b'SS.18462',
           b'SS.18462', b'SS.18462'], dtype='|S17'), 'dt': 0.04, 'maxlag': 120}
{'r': array([0.13125835, 0.15639752, 0.1749707 , ..., 7.73828745, 7.76469564,
       7.78391171]), 'ncts': array([[-6.3879632e-08,  3.8142858e-07,  5.6073964e-07, ...,
         9.3096638e-08, -5.5260777e-08, -5.0036228e-08],
       [ 8.9652525e-09, -6.0803975e-09, -5.4927423e-08, ...,
        -1.3983784e-08, -8.1554870e-09, -4.3434920e-08],
       [ 1.9175586e-07, -2.7407821e-06,  3.7957665e-07, ...,
        -2.6763733e-09, -1.8052498e-07, -1.3510333e-08],
       ...,
       [ 6.8640094e-07, -1.8045856e-07,  7.6649326e-07, ...,
         4.6148191e-08,  3.4795660e-09,  3.0737791e-08],
       [-4.7428014e-08, -5.3569069e-09, -1.6159861e-07, ...,
        -3.8955341e-09,  1.4988755e-07,  4.6603256e-07],
       [ 7.0674787e-08,  1.0084967e-09, -3.4425616e-09, ...,
        -1.0604108e-07,  2.1340722e-07, -3.3051633e-09]], dtype=float32), 't': array([-120.  , -119.96, -119.92, ...,  119.92,  119.96,  120.  ]), 'numgood': array([29676., 29167., 32646., ..., 24926., 26146., 25778.]), 'azimuth': array([106.70407867, 110.35583496, 110.51012421, ...,  91.66669464,
        93.50034332,  95.41436768]), 'backazimuth': array([286.70507812, 290.35699463, 290.51141357, ..., 271.72796631,
       273.56170654, 275.47573853]), 'station_source': chararray([b'SS.17877', b'SS.15576', b'SS.10386', ..., b'SS.10505',
           b'SS.10406', b'SS.10495'], dtype='|S17'), 'station_receiver': chararray([b'SS.10368', b'SS.14537', b'SS.08936', ..., b'SS.18462',
           b'SS.18462', b'SS.18462'], dtype='|S17'), 'dt': 0.04, 'maxlag': 120}
{'r': array([0.13125835, 0.15639752, 0.1749707 , ..., 7.73828745, 7.76469564,
       7.78391171]), 'ncts': array([[-8.6242926e-07, -7.3846064e-07, -7.8665704e-07, ...,
         4.1333536e-07, -1.2761950e-07,  2.4535345e-07],
       [ 9.8387005e-08,  2.2341416e-08,  1.2089576e-07, ...,
         2.2865924e-08,  3.9234311e-07, -1.6461559e-08],
       [-1.4983650e-08, -5.4410815e-10,  3.4559193e-08, ...,
         4.1431463e-08, -5.4781772e-08, -2.5691488e-10],
       ...,
       [-9.9738759e-09, -3.6494263e-09,  5.6319578e-08, ...,
        -1.0704495e-07,  2.3648543e-08,  6.4364905e-08],
       [ 4.6643304e-08, -3.2170830e-09,  6.7461263e-09, ...,
         6.0146766e-07,  1.3430414e-06, -1.6952818e-06],
       [-5.7924274e-07,  6.2868587e-08,  5.7610858e-08, ...,
         9.4053236e-09,  2.5571424e-07, -3.0498672e-08]], dtype=float32), 't': array([-120.  , -119.96, -119.92, ...,  119.92,  119.96,  120.  ]), 'numgood': array([29830., 30013., 32659., ..., 25097., 26376., 26017.]), 'azimuth': array([106.70407867, 110.35583496, 110.51012421, ...,  91.66669464,
        93.50034332,  95.41436768]), 'backazimuth': array([286.70507812, 290.35699463, 290.51141357, ..., 271.72796631,
       273.56170654, 275.47573853]), 'station_source': chararray([b'SS.17877', b'SS.15576', b'SS.10386', ..., b'SS.10505',
           b'SS.10406', b'SS.10495'], dtype='|S17'), 'station_receiver': chararray([b'SS.10368', b'SS.14537', b'SS.08936', ..., b'SS.18462',
           b'SS.18462', b'SS.18462'], dtype='|S17'), 'dt': 0.04, 'maxlag': 120}
{'r': array([0.13125835, 0.15639752, 0.1749707 , ..., 7.73828745, 7.76469564,
       7.78391171]), 'ncts': array([[ 4.3561861e-09,  1.6102542e-08, -1.4294686e-08, ...,
        -1.1644568e-07, -1.5792187e-08, -3.5486327e-09],
       [ 6.2141112e-07,  7.1695830e-08, -4.8720700e-08, ...,
        -2.1879198e-11, -2.5536737e-09,  2.2352710e-10],
       [-6.0558804e-08,  1.3054498e-07,  1.1882396e-09, ...,
        -3.3111885e-08,  2.4863131e-10,  1.3092092e-08],
       ...,
       [-1.3818228e-08, -6.4810721e-09,  1.0301697e-08, ...,
        -1.9917280e-08, -3.1567644e-11,  1.4784461e-08],
       [-2.9084244e-08,  8.2387688e-09,  6.9150046e-09, ...,
         6.9848827e-10, -2.2574967e-07,  6.4758154e-08],
       [ 7.4937498e-07, -1.1941323e-07, -6.9853890e-08, ...,
         7.0873767e-07,  1.6950894e-07,  3.3524987e-08]], dtype=float32), 't': array([-120.  , -119.96, -119.92, ...,  119.92,  119.96,  120.  ]), 'numgood': array([28891., 29303., 33268., ..., 25572., 26813., 26453.]), 'azimuth': array([106.70407867, 110.35583496, 110.51012421, ...,  91.66669464,
        93.50034332,  95.41436768]), 'backazimuth': array([286.70507812, 290.35699463, 290.51141357, ..., 271.72796631,
       273.56170654, 275.47573853]), 'station_source': chararray([b'SS.17877', b'SS.15576', b'SS.10386', ..., b'SS.10505',
           b'SS.10406', b'SS.10495'], dtype='|S17'), 'station_receiver': chararray([b'SS.10368', b'SS.14537', b'SS.08936', ..., b'SS.18462',
           b'SS.18462', b'SS.18462'], dtype='|S17'), 'dt': 0.04, 'maxlag': 120}
Number of pairs with 9-component data: 21321
(ZR+RZ)/2
(ZR-RZ)/2
ZZ
TT
Figure saved to /srv/beegfs/scratch/shares/cdff/DPM/Postprocessing/FK_takagi/ncfs_phase_only_1bit_pws_ZR-RZtime.jpg
Figure saved to /srv/beegfs/scratch/shares/cdff/DPM/Postprocessing/FK_takagi/ncfs_phase_only_1bit_pws_ZR-RZfk.jpg
